<?xml version="1.0" encoding="UTF-8"?>
<!-- Generated by org.testng.reporters.JUnitReportReporter -->
<testsuite hostname="fauziprofio" failures="0" tests="1" name="cucumberOptions.TestRunner" time="258.977" errors="0" timestamp="15 Apr 2020 04:22:44 GMT">
  <testcase classname="cucumberOptions.TestRunner" name="feature" time="258.977"/>
</testsuite> <!-- cucumberOptions.TestRunner -->
