<?xml version="1.0" encoding="UTF-8"?>
<!-- Generated by org.testng.reporters.JUnitReportReporter -->
<testsuite hostname="fauziprofio" failures="0" tests="1" name="Academy.ValidateNavigationBar" time="1.562" errors="0" timestamp="23 Mar 2020 08:58:55 GMT">
  <testcase classname="Academy.ValidateNavigationBar" name="basePageNavigation" time="1.562"/>
</testsuite> <!-- Academy.ValidateNavigationBar -->
